<?xml version="1.0" encoding="UTF-8"?>
<!-- Generated by org.testng.reporters.JUnitReportReporter -->
<testsuite hostname="LAPTOP-Q2A6QPIS" failures="0" tests="1" name="testNG.test_proj.NewTest2" time="5.031" errors="0" timestamp="14 Sep 2020 18:03:19 GMT" skipped="0">
  <testcase classname="testNG.test_proj.NewTest2" name="f" time="5.031"/>
</testsuite> <!-- testNG.test_proj.NewTest2 -->
