<?xml version="1.0" encoding="UTF-8"?>
<!-- Generated by org.testng.reporters.JUnitReportReporter -->
<testsuite hostname="LAPTOP-Q2A6QPIS" failures="0" tests="1" name="testNG.test_proj.NewTest" time="10.270" errors="0" timestamp="14 Sep 2020 16:30:44 GMT" skipped="0">
  <testcase classname="testNG.test_proj.NewTest" name="f" time="10.270"/>
</testsuite> <!-- testNG.test_proj.NewTest -->
